<?xml version="1.0" encoding="UTF-8"?>
<!-- Generated by org.testng.reporters.JUnitReportReporter -->
<testsuite hostname="Hemasai" failures="0" tests="1" name="aQA_Class.A1_Alerts" time="3.154" errors="0" timestamp="2024-05-20T19:40:03 IST" skipped="0">
  <testcase classname="aQA_Class.A1_Alerts" name="f" time="3.154"/>
  <system-out/>
</testsuite> <!-- aQA_Class.A1_Alerts -->
