<?xml version="1.0" encoding="UTF-8"?>
<!-- Generated by org.testng.reporters.JUnitReportReporter -->
<testsuite hostname="Hemasai" failures="0" tests="1" name="bHighlevelbases.B11_Array" time="54.501" errors="0" timestamp="2024-06-01T16:47:07 IST" skipped="0">
  <testcase classname="bHighlevelbases.B11_Array" name="functionality" time="54.501"/>
  <system-out/>
</testsuite> <!-- bHighlevelbases.B11_Array -->
