<?xml version="1.0" encoding="UTF-8"?>
<!-- Generated by org.testng.reporters.JUnitReportReporter -->
<testsuite hostname="Hemasai" failures="0" tests="1" name="aQA_Class.A5_Screenshot" time="6.603" errors="0" timestamp="2024-05-23T15:55:18 IST" skipped="0">
  <testcase classname="aQA_Class.A5_Screenshot" name="alertscreen" time="6.603"/>
  <system-out/>
</testsuite> <!-- aQA_Class.A5_Screenshot -->
