<?xml version="1.0" encoding="UTF-8"?>
<!-- Generated by org.testng.reporters.JUnitReportReporter -->
<testsuite hostname="Hemasai" failures="0" tests="1" name="aQA_Class.A2_MouseOverActions" time="7.659" errors="0" timestamp="2024-05-31T14:45:57 IST" skipped="0">
  <testcase classname="aQA_Class.A2_MouseOverActions" name="mouseOver" time="7.659"/>
  <system-out/>
</testsuite> <!-- aQA_Class.A2_MouseOverActions -->
