<?xml version="1.0" encoding="UTF-8"?>
<!-- Generated by org.testng.reporters.JUnitReportReporter -->
<testsuite hostname="Hemasai" failures="0" tests="1" name="bHighlevelbases.B15_Frames" time="3.544" errors="0" timestamp="2024-05-31T14:52:18 IST" skipped="0">
  <testcase classname="bHighlevelbases.B15_Frames" name="clickable" time="3.544"/>
  <system-out/>
</testsuite> <!-- bHighlevelbases.B15_Frames -->
