<?xml version="1.0" encoding="UTF-8"?>
<!-- Generated by org.testng.reporters.JUnitReportReporter -->
<testsuite hostname="Hemasai" failures="0" tests="1" name="aQA_Class.A6_FirstSelectedOption" time="0.406" errors="0" timestamp="2024-05-23T13:45:41 IST" skipped="0">
  <testcase classname="aQA_Class.A6_FirstSelectedOption" name="options" time="0.406"/>
  <system-out/>
</testsuite> <!-- aQA_Class.A6_FirstSelectedOption -->
