<?xml version="1.0" encoding="UTF-8"?>
<!-- Generated by org.testng.reporters.JUnitReportReporter -->
<testsuite hostname="Hemasai" failures="0" tests="1" name="aQA_Class.A3_Popupwindow" time="71.075" errors="0" timestamp="2024-05-21T15:15:03 IST" skipped="0">
  <testcase classname="aQA_Class.A3_Popupwindow" name="popwindow" time="71.075"/>
  <system-out/>
</testsuite> <!-- aQA_Class.A3_Popupwindow -->
