<?xml version="1.0" encoding="UTF-8"?>
<!-- Generated by org.testng.reporters.JUnitReportReporter -->
<testsuite hostname="Hemasai" failures="0" tests="1" name="aQA_Class.A7_INR_optionsvalidation" time="1.109" errors="0" timestamp="2024-05-23T14:05:11 IST" skipped="0">
  <testcase classname="aQA_Class.A7_INR_optionsvalidation" name="options" time="1.109"/>
  <system-out/>
</testsuite> <!-- aQA_Class.A7_INR_optionsvalidation -->
