<?xml version="1.0" encoding="UTF-8"?>
<!-- Generated by org.testng.reporters.JUnitReportReporter -->
<testsuite hostname="Hemasai" failures="0" tests="1" name="bHighlevelbases.B20_ScrollBar_Element" time="0.105" errors="0" timestamp="2024-06-01T14:42:38 IST" skipped="0">
  <testcase classname="bHighlevelbases.B20_ScrollBar_Element" name="Scrollflow" time="0.105"/>
  <system-out/>
</testsuite> <!-- bHighlevelbases.B20_ScrollBar_Element -->
