<?xml version="1.0" encoding="UTF-8"?>
<!-- Generated by org.testng.reporters.JUnitReportReporter -->
<testsuite hostname="Hemasai" failures="0" tests="1" name="bHighlevelprograms.B10_Autoit" time="3.090" errors="0" timestamp="2024-05-26T14:30:51 IST" skipped="0">
  <testcase classname="bHighlevelprograms.B10_Autoit" name="operation" time="3.090"/>
  <system-out/>
</testsuite> <!-- bHighlevelprograms.B10_Autoit -->
