<?xml version="1.0" encoding="UTF-8"?>
<!-- Generated by org.testng.reporters.JUnitReportReporter -->
<testsuite hostname="Hemasai" failures="0" tests="1" name="aQA_Class.A8_Boolean_Oneway" time="3.275" errors="0" timestamp="2024-05-24T12:06:56 IST" skipped="0">
  <testcase classname="aQA_Class.A8_Boolean_Oneway" name="Round" time="3.275"/>
  <system-out/>
</testsuite> <!-- aQA_Class.A8_Boolean_Oneway -->
