<?xml version="1.0" encoding="UTF-8"?>
<!-- Generated by org.testng.reporters.JUnitReportReporter -->
<testsuite hostname="Hemasai" failures="0" tests="1" name="bHighlevelbases.B14_FlipkartGeneric" time="22.344" errors="0" timestamp="2024-05-31T12:03:27 IST" skipped="0">
  <testcase classname="bHighlevelbases.B14_FlipkartGeneric" name="clickable" time="22.344"/>
  <system-out/>
</testsuite> <!-- bHighlevelbases.B14_FlipkartGeneric -->
